This file contains any messages produced by compilers while
running configure, to aid debugging if configure makes a mistake.

It was created by gmm configure 5.0, which was
generated by GNU Autoconf 2.69.  Invocation command line was

  $ ./configure 

## --------- ##
## Platform. ##
## --------- ##

hostname = Hiroto-no-MacBook-Air.local
uname -m = x86_64
uname -r = 13.4.0
uname -s = Darwin
uname -v = Darwin Kernel Version 13.4.0: Wed Mar 18 16:20:14 PDT 2015; root:xnu-2422.115.14~1/RELEASE_X86_64

/usr/bin/uname -p = i386
/bin/uname -X     = unknown

/bin/arch              = unknown
/usr/bin/arch -k       = unknown
/usr/convex/getsysinfo = unknown
/usr/bin/hostinfo      = Mach kernel version:
	 Darwin Kernel Version 13.4.0: Wed Mar 18 16:20:14 PDT 2015; root:xnu-2422.115.14~1/RELEASE_X86_64
Kernel configured for up to 4 processors.
2 processors are physically available.
4 processors are logically available.
Processor type: i486 (Intel 80486)
Processors active: 0 1 2 3
Primary memory available: 8.00 gigabytes
Default processor set: 270 tasks, 1345 threads, 4 processors
Load average: 2.19, Mach factor: 1.85
/bin/machine           = unknown
/usr/bin/oslevel       = unknown
/bin/universe          = unknown

PATH: /usr/bin
PATH: /bin
PATH: /usr/sbin
PATH: /sbin
PATH: /usr/local/bin
PATH: /opt/X11/bin


## ----------- ##
## Core tests. ##
## ----------- ##

configure:2388: checking for a BSD-compatible install
configure:2456: result: /usr/bin/install -c
configure:2467: checking whether build environment is sane
configure:2522: result: yes
configure:2663: checking for a thread-safe mkdir -p
configure:2702: result: ./install-sh -c -d
configure:2709: checking for gawk
configure:2739: result: no
configure:2709: checking for mawk
configure:2739: result: no
configure:2709: checking for nawk
configure:2739: result: no
configure:2709: checking for awk
configure:2725: found /usr/bin/awk
configure:2736: result: awk
configure:2747: checking whether make sets $(MAKE)
configure:2769: result: yes
configure:2798: checking whether make supports nested variables
configure:2815: result: yes
configure:3001: checking for cxx
configure:3031: result: no
configure:3001: checking for KCC
configure:3017: found /usr/bin/KCC
configure:3028: result: KCC
configure:3055: checking for C++ compiler version
configure:3064: KCC --version >&5
KCC (Heimdal 1.5.1apple1)
Copyright 1995-2011 Kungliga Tekniska Högskolan
Send bug-reports to heimdal-bugs@h5l.org
configure:3075: $? = 0
configure:3064: KCC -v >&5
Usage: : KCC [--version] [--help] command ..
configure:3075: $? = 1
configure:3064: KCC -V >&5
Usage: : KCC [--version] [--help] command ..
configure:3075: $? = 1
configure:3064: KCC -qversion >&5
Usage: : KCC [--version] [--help] command ..
configure:3075: $? = 1
configure:3095: checking whether the C++ compiler works
configure:3117: KCC    conftest.cpp  >&5
KCC: unrecognized command: conftest.cpp
configure:3121: $? = 1
configure:3159: result: no
configure: failed program was:
| /* confdefs.h */
| #define PACKAGE_NAME "gmm"
| #define PACKAGE_TARNAME "gmm"
| #define PACKAGE_VERSION "5.0"
| #define PACKAGE_STRING "gmm 5.0"
| #define PACKAGE_BUGREPORT ""
| #define PACKAGE_URL ""
| #define PACKAGE "gmm"
| #define VERSION "5.0"
| /* end confdefs.h.  */
| 
| int
| main ()
| {
| 
|   ;
|   return 0;
| }
configure:3164: error: in `/Users/hiroto/sharedLinux/pLARS/gmm-5.0':
configure:3166: error: C++ compiler cannot create executables
See `config.log' for more details

## ---------------- ##
## Cache variables. ##
## ---------------- ##

ac_cv_env_CCC_set=
ac_cv_env_CCC_value=
ac_cv_env_CC_set=
ac_cv_env_CC_value=
ac_cv_env_CFLAGS_set=
ac_cv_env_CFLAGS_value=
ac_cv_env_CPPFLAGS_set=
ac_cv_env_CPPFLAGS_value=
ac_cv_env_CPP_set=
ac_cv_env_CPP_value=
ac_cv_env_CXXCPP_set=
ac_cv_env_CXXCPP_value=
ac_cv_env_CXXFLAGS_set=
ac_cv_env_CXXFLAGS_value=
ac_cv_env_CXX_set=
ac_cv_env_CXX_value=
ac_cv_env_LDFLAGS_set=
ac_cv_env_LDFLAGS_value=
ac_cv_env_LIBS_set=
ac_cv_env_LIBS_value=
ac_cv_env_build_alias_set=
ac_cv_env_build_alias_value=
ac_cv_env_host_alias_set=
ac_cv_env_host_alias_value=
ac_cv_env_target_alias_set=
ac_cv_env_target_alias_value=
ac_cv_path_install='/usr/bin/install -c'
ac_cv_prog_AWK=awk
ac_cv_prog_ac_ct_CXX=KCC
ac_cv_prog_make_make_set=yes
am_cv_make_support_nested_variables=yes

## ----------------- ##
## Output variables. ##
## ----------------- ##

ACLOCAL='${SHELL} /Users/hiroto/sharedLinux/pLARS/gmm-5.0/missing aclocal-1.14'
AMDEPBACKSLASH=''
AMDEP_FALSE=''
AMDEP_TRUE=''
AMTAR='$${TAR-tar}'
AM_BACKSLASH='\'
AM_DEFAULT_V='$(AM_DEFAULT_VERBOSITY)'
AM_DEFAULT_VERBOSITY='1'
AM_V='$(V)'
AR=''
AUTOCONF='${SHELL} /Users/hiroto/sharedLinux/pLARS/gmm-5.0/missing autoconf'
AUTOHEADER='${SHELL} /Users/hiroto/sharedLinux/pLARS/gmm-5.0/missing autoheader'
AUTOMAKE='${SHELL} /Users/hiroto/sharedLinux/pLARS/gmm-5.0/missing automake-1.14'
AWK='awk'
BUILDDATE=''
BUILDER=''
CC=''
CCDEPMODE=''
CFLAGS=''
CONFIGURE_ARGS=''
CPP=''
CPPFLAGS=''
CXX='KCC'
CXXCPP=''
CXXDEPMODE=''
CXXFLAGS=''
CYGPATH_W='echo'
DEFS=''
DEPDIR=''
DLLTOOL=''
DSYMUTIL=''
DUMPBIN=''
ECHO_C='\c'
ECHO_N=''
ECHO_T=''
EGREP=''
EXEEXT=''
FGREP=''
GREP=''
INSTALL_DATA='${INSTALL} -m 644'
INSTALL_PROGRAM='${INSTALL}'
INSTALL_SCRIPT='${INSTALL}'
INSTALL_STRIP_PROGRAM='$(install_sh) -c -s'
LD=''
LDFLAGS=''
LIBOBJS=''
LIBS=''
LIBTOOL=''
LIBTOOL_DEPS=''
LIBTOOL_VERSION_INFO=''
LIPO=''
LN_S=''
LTLIBOBJS=''
MAKEINFO='${SHELL} /Users/hiroto/sharedLinux/pLARS/gmm-5.0/missing makeinfo'
MANIFEST_TOOL=''
MKDIR_P='./install-sh -c -d'
NM=''
NMEDIT=''
OBJDUMP=''
OBJEXT=''
OTOOL64=''
OTOOL=''
PACKAGE='gmm'
PACKAGE_BUGREPORT=''
PACKAGE_NAME='gmm'
PACKAGE_STRING='gmm 5.0'
PACKAGE_TARNAME='gmm'
PACKAGE_URL=''
PACKAGE_VERSION='5.0'
PATH_SEPARATOR=':'
RANLIB=''
SED=''
SET_MAKE=''
SHELL='/bin/sh'
STRIP=''
SUPLDFLAGS=''
VERSION='5.0'
ac_ct_AR=''
ac_ct_CC=''
ac_ct_CXX='KCC'
ac_ct_DUMPBIN=''
am__EXEEXT_FALSE=''
am__EXEEXT_TRUE=''
am__fastdepCC_FALSE=''
am__fastdepCC_TRUE=''
am__fastdepCXX_FALSE=''
am__fastdepCXX_TRUE=''
am__include=''
am__isrc=''
am__leading_dot='.'
am__nodep=''
am__quote=''
am__tar='$${TAR-tar} chof - "$$tardir"'
am__untar='$${TAR-tar} xf -'
bindir='${exec_prefix}/bin'
build=''
build_alias=''
build_cpu=''
build_os=''
build_vendor=''
datadir='${datarootdir}'
datarootdir='${prefix}/share'
docdir='${datarootdir}/doc/${PACKAGE_TARNAME}'
dvidir='${docdir}'
exec_prefix='NONE'
host=''
host_alias=''
host_cpu=''
host_os=''
host_vendor=''
htmldir='${docdir}'
includedir='${prefix}/include'
infodir='${datarootdir}/info'
install_sh='${SHELL} /Users/hiroto/sharedLinux/pLARS/gmm-5.0/install-sh'
libdir='${exec_prefix}/lib'
libexecdir='${exec_prefix}/libexec'
localedir='${datarootdir}/locale'
localstatedir='${prefix}/var'
mandir='${datarootdir}/man'
mkdir_p='$(MKDIR_P)'
oldincludedir='/usr/include'
pdfdir='${docdir}'
prefix='NONE'
program_transform_name='s,x,x,'
psdir='${docdir}'
sbindir='${exec_prefix}/sbin'
sharedstatedir='${prefix}/com'
sysconfdir='${prefix}/etc'
target_alias=''

## ----------- ##
## confdefs.h. ##
## ----------- ##

/* confdefs.h */
#define PACKAGE_NAME "gmm"
#define PACKAGE_TARNAME "gmm"
#define PACKAGE_VERSION "5.0"
#define PACKAGE_STRING "gmm 5.0"
#define PACKAGE_BUGREPORT ""
#define PACKAGE_URL ""
#define PACKAGE "gmm"
#define VERSION "5.0"

configure: exit 77
